<?xml version="1.0" encoding="UTF-8"?>
<testsuite xmlns:xsi="http://www.w3.org/2001/XMLSchema-instance" xsi:noNamespaceSchemaLocation="https://maven.apache.org/surefire/maven-surefire-plugin/xsd/surefire-test-report-3.0.xsd" version="3.0" name="cn.hedeoer.util.OperateSystemUtilTest" time="1.083" tests="1" errors="0" skipped="0" failures="0">
  <properties>
    <property name="awt.toolkit" value="sun.awt.X11.XToolkit"/>
    <property name="java.specification.version" value="11"/>
    <property name="sun.cpu.isalist" value=""/>
    <property name="sun.jnu.encoding" value="UTF-8"/>
    <property name="java.class.path" value="/home/hedeoer/IdeaProjects/agent/target/test-classes:/home/hedeoer/IdeaProjects/agent/target/classes:/home/hedeoer/.m2/repository/redis/clients/jedis/5.2.0/jedis-5.2.0.jar:/home/hedeoer/.m2/repository/org/apache/commons/commons-pool2/2.12.0/commons-pool2-2.12.0.jar:/home/hedeoer/.m2/repository/org/json/json/20240303/json-20240303.jar:/home/hedeoer/.m2/repository/com/google/code/gson/gson/2.11.0/gson-2.11.0.jar:/home/hedeoer/.m2/repository/com/google/errorprone/error_prone_annotations/2.27.0/error_prone_annotations-2.27.0.jar:/home/hedeoer/.m2/repository/com/fasterxml/jackson/core/jackson-databind/2.17.2/jackson-databind-2.17.2.jar:/home/hedeoer/.m2/repository/com/fasterxml/jackson/core/jackson-annotations/2.17.2/jackson-annotations-2.17.2.jar:/home/hedeoer/.m2/repository/com/fasterxml/jackson/core/jackson-core/2.17.2/jackson-core-2.17.2.jar:/home/hedeoer/.m2/repository/org/zeroturnaround/zt-exec/1.12/zt-exec-1.12.jar:/home/hedeoer/.m2/repository/com/jcraft/jsch/0.1.55/jsch-0.1.55.jar:/home/hedeoer/.m2/repository/com/github/hypfvieh/dbus-java-core/4.3.2/dbus-java-core-4.3.2.jar:/home/hedeoer/.m2/repository/com/github/hypfvieh/dbus-java-transport-junixsocket/4.3.2/dbus-java-transport-junixsocket-4.3.2.jar:/home/hedeoer/.m2/repository/com/kohlschutter/junixsocket/junixsocket-native-common/2.8.3/junixsocket-native-common-2.8.3.jar:/home/hedeoer/.m2/repository/com/kohlschutter/junixsocket/junixsocket-common/2.8.3/junixsocket-common-2.8.3.jar:/home/hedeoer/.m2/repository/com/kohlschutter/compiler-annotations/1.5.6/compiler-annotations-1.5.6.jar:/home/hedeoer/.m2/repository/org/eclipse/jdt/org.eclipse.jdt.annotation/2.2.700/org.eclipse.jdt.annotation-2.2.700.jar:/home/hedeoer/.m2/repository/org/projectlombok/lombok/1.18.38/lombok-1.18.38.jar:/home/hedeoer/.m2/repository/com/github/oshi/oshi-core/6.8.0/oshi-core-6.8.0.jar:/home/hedeoer/.m2/repository/net/java/dev/jna/jna/5.17.0/jna-5.17.0.jar:/home/hedeoer/.m2/repository/net/java/dev/jna/jna-platform/5.17.0/jna-platform-5.17.0.jar:/home/hedeoer/.m2/repository/org/slf4j/slf4j-api/2.0.17/slf4j-api-2.0.17.jar:/home/hedeoer/.m2/repository/ch/qos/logback/logback-classic/1.3.14/logback-classic-1.3.14.jar:/home/hedeoer/.m2/repository/ch/qos/logback/logback-core/1.3.14/logback-core-1.3.14.jar:/home/hedeoer/.m2/repository/junit/junit/4.13.2/junit-4.13.2.jar:/home/hedeoer/.m2/repository/org/hamcrest/hamcrest-core/1.3/hamcrest-core-1.3.jar:"/>
    <property name="java.vm.vendor" value="Oracle Corporation"/>
    <property name="sun.arch.data.model" value="64"/>
    <property name="java.vendor.url" value="http://java.oracle.com/"/>
    <property name="user.timezone" value="America/Los_Angeles"/>
    <property name="java.vm.specification.version" value="11"/>
    <property name="os.name" value="Linux"/>
    <property name="sun.java.launcher" value="SUN_STANDARD"/>
    <property name="user.country" value="US"/>
    <property name="sun.boot.library.path" value="/home/hedeoer/software/jdk-11/lib"/>
    <property name="sun.java.command" value="/home/hedeoer/IdeaProjects/agent/target/surefire/surefirebooter-20250422233113658_3.jar /home/hedeoer/IdeaProjects/agent/target/surefire 2025-04-22T23-31-13_188-jvmRun1 surefire-20250422233113658_1tmp surefire_0-20250422233113658_2tmp"/>
    <property name="jdk.debug" value="release"/>
    <property name="surefire.test.class.path" value="/home/hedeoer/IdeaProjects/agent/target/test-classes:/home/hedeoer/IdeaProjects/agent/target/classes:/home/hedeoer/.m2/repository/redis/clients/jedis/5.2.0/jedis-5.2.0.jar:/home/hedeoer/.m2/repository/org/apache/commons/commons-pool2/2.12.0/commons-pool2-2.12.0.jar:/home/hedeoer/.m2/repository/org/json/json/20240303/json-20240303.jar:/home/hedeoer/.m2/repository/com/google/code/gson/gson/2.11.0/gson-2.11.0.jar:/home/hedeoer/.m2/repository/com/google/errorprone/error_prone_annotations/2.27.0/error_prone_annotations-2.27.0.jar:/home/hedeoer/.m2/repository/com/fasterxml/jackson/core/jackson-databind/2.17.2/jackson-databind-2.17.2.jar:/home/hedeoer/.m2/repository/com/fasterxml/jackson/core/jackson-annotations/2.17.2/jackson-annotations-2.17.2.jar:/home/hedeoer/.m2/repository/com/fasterxml/jackson/core/jackson-core/2.17.2/jackson-core-2.17.2.jar:/home/hedeoer/.m2/repository/org/zeroturnaround/zt-exec/1.12/zt-exec-1.12.jar:/home/hedeoer/.m2/repository/com/jcraft/jsch/0.1.55/jsch-0.1.55.jar:/home/hedeoer/.m2/repository/com/github/hypfvieh/dbus-java-core/4.3.2/dbus-java-core-4.3.2.jar:/home/hedeoer/.m2/repository/com/github/hypfvieh/dbus-java-transport-junixsocket/4.3.2/dbus-java-transport-junixsocket-4.3.2.jar:/home/hedeoer/.m2/repository/com/kohlschutter/junixsocket/junixsocket-native-common/2.8.3/junixsocket-native-common-2.8.3.jar:/home/hedeoer/.m2/repository/com/kohlschutter/junixsocket/junixsocket-common/2.8.3/junixsocket-common-2.8.3.jar:/home/hedeoer/.m2/repository/com/kohlschutter/compiler-annotations/1.5.6/compiler-annotations-1.5.6.jar:/home/hedeoer/.m2/repository/org/eclipse/jdt/org.eclipse.jdt.annotation/2.2.700/org.eclipse.jdt.annotation-2.2.700.jar:/home/hedeoer/.m2/repository/org/projectlombok/lombok/1.18.38/lombok-1.18.38.jar:/home/hedeoer/.m2/repository/com/github/oshi/oshi-core/6.8.0/oshi-core-6.8.0.jar:/home/hedeoer/.m2/repository/net/java/dev/jna/jna/5.17.0/jna-5.17.0.jar:/home/hedeoer/.m2/repository/net/java/dev/jna/jna-platform/5.17.0/jna-platform-5.17.0.jar:/home/hedeoer/.m2/repository/org/slf4j/slf4j-api/2.0.17/slf4j-api-2.0.17.jar:/home/hedeoer/.m2/repository/ch/qos/logback/logback-classic/1.3.14/logback-classic-1.3.14.jar:/home/hedeoer/.m2/repository/ch/qos/logback/logback-core/1.3.14/logback-core-1.3.14.jar:/home/hedeoer/.m2/repository/junit/junit/4.13.2/junit-4.13.2.jar:/home/hedeoer/.m2/repository/org/hamcrest/hamcrest-core/1.3/hamcrest-core-1.3.jar:"/>
    <property name="sun.cpu.endian" value="little"/>
    <property name="user.home" value="/home/hedeoer"/>
    <property name="user.language" value="en"/>
    <property name="java.specification.vendor" value="Oracle Corporation"/>
    <property name="java.version.date" value="2018-09-25"/>
    <property name="java.home" value="/home/hedeoer/software/jdk-11"/>
    <property name="file.separator" value="/"/>
    <property name="basedir" value="/home/hedeoer/IdeaProjects/agent"/>
    <property name="java.vm.compressedOopsMode" value="Zero based"/>
    <property name="line.separator" value="&#10;"/>
    <property name="java.specification.name" value="Java Platform API Specification"/>
    <property name="java.vm.specification.vendor" value="Oracle Corporation"/>
    <property name="java.awt.graphicsenv" value="sun.awt.X11GraphicsEnvironment"/>
    <property name="surefire.real.class.path" value="/home/hedeoer/IdeaProjects/agent/target/surefire/surefirebooter-20250422233113658_3.jar"/>
    <property name="sun.management.compiler" value="HotSpot 64-Bit Tiered Compilers"/>
    <property name="java.runtime.version" value="11+28"/>
    <property name="user.name" value="hedeoer"/>
    <property name="path.separator" value=":"/>
    <property name="os.version" value="3.10.0-1160.el7.x86_64"/>
    <property name="java.runtime.name" value="Java(TM) SE Runtime Environment"/>
    <property name="file.encoding" value="UTF-8"/>
    <property name="java.vm.name" value="Java HotSpot(TM) 64-Bit Server VM"/>
    <property name="java.vendor.version" value="18.9"/>
    <property name="localRepository" value="/home/hedeoer/.m2/repository"/>
    <property name="java.vendor.url.bug" value="http://bugreport.java.com/bugreport/"/>
    <property name="java.io.tmpdir" value="/tmp"/>
    <property name="idea.version" value="2025.1"/>
    <property name="java.version" value="11"/>
    <property name="user.dir" value="/home/hedeoer/IdeaProjects/agent"/>
    <property name="os.arch" value="amd64"/>
    <property name="java.vm.specification.name" value="Java Virtual Machine Specification"/>
    <property name="java.awt.printerjob" value="sun.print.PSPrinterJob"/>
    <property name="sun.os.patch.level" value="unknown"/>
    <property name="java.library.path" value="/usr/java/packages/lib:/usr/lib64:/lib64:/lib:/usr/lib"/>
    <property name="java.vendor" value="Oracle Corporation"/>
    <property name="java.vm.info" value="mixed mode"/>
    <property name="java.vm.version" value="11+28"/>
    <property name="sun.io.unicode.encoding" value="UnicodeLittle"/>
    <property name="java.class.version" value="55.0"/>
  </properties>
  <testcase name="getCpuUsage" classname="cn.hedeoer.util.OperateSystemUtilTest" time="1.082">
    <system-out><![CDATA[2.53:47.56:17.34
]]></system-out>
  </testcase>
</testsuite>